# Check configuration tokens
# Ensure build layout
# Check configuration tokens
# Preparing build
# Check requirements for android
# Search for Git (git)
#  -> found at /opt/homebrew/Cellar/git/2.53.0/bin/git
# Search for Cython (cython)
#  -> found at /opt/anaconda3/bin/cython
# Search for Java compiler (javac)
#  -> found at /opt/homebrew/Cellar/openjdk@17/17.0.18/libexec/openjdk.jdk/Contents/Home/bin/javac
# Search for Java keytool (keytool)
#  -> found at /opt/homebrew/Cellar/openjdk@17/17.0.18/libexec/openjdk.jdk/Contents/Home/bin/keytool
# Install platform
# Run ['git', 'config', '--get', 'remote.origin.url']
# Cwd /Users/mlfe/st_picker_build/.buildozer/android/platform/python-for-android
https://github.com/kivy/python-for-android.git
# Run ['git', 'branch', '-vv']
# Cwd /Users/mlfe/st_picker_build/.buildozer/android/platform/python-for-android
* master 957a3e5f [origin/master] Merge pull request #2959 from kivy/release-2024.01.21
# Run ['/opt/anaconda3/bin/python3.11', '-m', 'pip', 'install', '-q', 'appdirs', 'colorama>=0.3.3', 'jinja2', 'sh>=1.10, <2.0; sys_platform!="win32"', 'build', 'toml', 'packaging', 'setuptools']
# Cwd None
# Apache ANT found at /Users/mlfe/.buildozer/android/platform/apache-ant-1.9.4
# Android SDK found at /Users/mlfe/.buildozer/android/platform/android-sdk
# Recommended android's NDK version by p4a is: 25b
# Android NDK found at /Users/mlfe/.buildozer/android/platform/android-ndk-r25b
# Run ['/opt/anaconda3/bin/python3.11', '-m', 'pythonforandroid.toolchain', 'aab', '-h', '--color=always', '--storage-dir=/Users/mlfe/st_picker_build/.buildozer/android/platform/build-arm64-v8a_armeabi-v7a', '--ndk-api=21', '--ignore-setup-py', '--debug', '--enable-androidx']
# Cwd /Users/mlfe/st_picker_build/.buildozer/android/platform/python-for-android
[WARNING]: prerequisites.py is experimental and does not support all prerequisites yet.
[WARNING]: Please report any issues to the python-for-android issue tracker.
[INFO]:    Prerequisite homebrew is met
[INFO]:    Prerequisite autoconf is met
[INFO]:    Prerequisite automake is met
[INFO]:    Prerequisite libtool is met
[INFO]:    Prerequisite pkg-config is met
[INFO]:    Prerequisite cmake is met
[INFO]:    Prerequisite openssl is met
[INFO]:    Found JAVA_HOME environment variable, using it
[INFO]:    Found a valid JDK at /opt/homebrew/opt/openjdk@17/libexec/openjdk.jdk/Contents/Home
[INFO]:    Prerequisite JDK is met
[WARNING]: prerequisites.py is experimental and does not support all prerequisites yet.
[WARNING]: Please report any issues to the python-for-android issue tracker.
[INFO]:    Prerequisite homebrew is met
[INFO]:    Prerequisite autoconf is met
[INFO]:    Prerequisite automake is met
[INFO]:    Prerequisite libtool is met
[INFO]:    Prerequisite pkg-config is met
[INFO]:    Prerequisite cmake is met
[INFO]:    Prerequisite openssl is met
[INFO]:    Found JAVA_HOME environment variable, using it
[INFO]:    Found a valid JDK at /opt/homebrew/opt/openjdk@17/libexec/openjdk.jdk/Contents/Home
[INFO]:    Prerequisite JDK is met
usage: toolchain.py aab [-h] [--debug] [--color {always,never,auto}]
                        [--sdk-dir SDK_DIR] [--ndk-dir NDK_DIR]
                        [--android-api ANDROID_API]
                        [--ndk-version NDK_VERSION] [--ndk-api NDK_API]
                        [--symlink-bootstrap-files]
                        [--storage-dir STORAGE_DIR] [--arch ARCH]
                        [--dist-name DIST_NAME] [--requirements REQUIREMENTS]
                        [--recipe-blacklist RECIPE_BLACKLIST]
                        [--blacklist-requirements BLACKLIST_REQUIREMENTS]
                        [--bootstrap BOOTSTRAP] [--hook HOOK] [--force-build]
                        [--no-force-build] [--require-perfect-match]
                        [--no-require-perfect-match] [--allow-replace-dist]
                        [--no-allow-replace-dist]
                        [--local-recipes LOCAL_RECIPES]
                        [--activity-class-name ACTIVITY_CLASS_NAME]
                        [--service-class-name SERVICE_CLASS_NAME]
                        [--java-build-tool {auto,ant,gradle}] [--copy-libs]
                        [--no-copy-libs] [--add-asset ASSETS]
                        [--add-resource RESOURCES] [--private PRIVATE]
                        [--use-setup-py] [--ignore-setup-py] [--release]
                        [--with-debug-symbols] [--keystore KEYSTORE]
                        [--signkey SIGNKEY] [--keystorepw KEYSTOREPW]
                        [--signkeypw SIGNKEYPW]

options:
  -h, --help            show this help message and exit
  --debug               Display debug output and all build info
  --color {always,never,auto}
                        Enable or disable color output (default enabled on
                        tty)
  --sdk-dir SDK_DIR, --sdk_dir SDK_DIR
                        The filepath where the Android SDK is installed
  --ndk-dir NDK_DIR, --ndk_dir NDK_DIR
                        The filepath where the Android NDK is installed
  --android-api ANDROID_API, --android_api ANDROID_API
                        The Android API level to build against defaults to 33
                        if not specified.
  --ndk-version NDK_VERSION, --ndk_version NDK_VERSION
                        DEPRECATED: the NDK version is now found automatically
                        or not at all.
  --ndk-api NDK_API     The Android API level to compile against. This should
                        be your *minimal supported* API, not normally the same
                        as your --android-api. Defaults to min(ANDROID_API,
                        21) if not specified.
  --symlink-bootstrap-files, --ssymlink_bootstrap_files
                        If True, symlinks the bootstrap files creation. This
                        is useful for development only, it could also cause
                        weird problems.
  --storage-dir STORAGE_DIR
                        Primary storage directory for downloads and builds
                        (default: ~/.python-for-android)
  --arch ARCH           The archs to build for.
  --dist-name DIST_NAME, --dist_name DIST_NAME
                        The name of the distribution to use or create
  --requirements REQUIREMENTS
                        Dependencies of your app, should be recipe names or
                        Python modules. NOT NECESSARY if you are using Python
                        3 with --use-setup-py
  --recipe-blacklist RECIPE_BLACKLIST
                        Blacklist an internal recipe from use. Allows
                        disabling Python 3 core modules to save size
  --blacklist-requirements BLACKLIST_REQUIREMENTS
                        Blacklist an internal recipe from use. Allows
                        disabling Python 3 core modules to save size
  --bootstrap BOOTSTRAP
                        The bootstrap to build with. Leave unset to choose
                        automatically.
  --hook HOOK           Filename to a module that contains python-for-android
                        hooks
  --local-recipes LOCAL_RECIPES, --local_recipes LOCAL_RECIPES
                        Directory to look for local recipes
  --activity-class-name ACTIVITY_CLASS_NAME
                        The full java class name of the main activity
  --service-class-name SERVICE_CLASS_NAME
                        Full java package name of the PythonService class
  --java-build-tool {auto,ant,gradle}
                        The java build tool to use when packaging the APK,
                        defaults to automatically selecting an appropriate
                        tool.
  --add-asset ASSETS    Put this in the assets folder in the apk.
  --add-resource RESOURCES
                        Put this in the res folder in the apk.
  --private PRIVATE     the directory with the app source code files
                        (containing your main.py entrypoint)
  --use-setup-py        Process the setup.py of a project if present.
                        (Experimental!
  --ignore-setup-py     Don't run the setup.py of a project if present. This
                        may be required if the setup.py is not designed to
                        work inside p4a (e.g. by installing dependencies that
                        won't work or aren't desired on Android
  --release             Build your app as a non-debug release build. (Disables
                        gdb debugging among other things)
  --with-debug-symbols  Will keep debug symbols from `.so` files.
  --keystore KEYSTORE   Keystore for JAR signing key, will use jarsigner
                        default if not specified (release build only)
  --signkey SIGNKEY     Key alias to sign PARSER_APK. with (release build
                        only)
  --keystorepw KEYSTOREPW
                        Password for keystore
  --signkeypw SIGNKEYPW
                        Password for key alias

  Whether to force compilation of a new distribution

  --force-build
  --no-force-build      (this is the default)
  --require-perfect-match
  --no-require-perfect-match
                        (this is the default)
  --allow-replace-dist  (this is the default)
  --no-allow-replace-dist
  --copy-libs
  --no-copy-libs        (this is the default)
# Check application requirements
# Compile platform
# Run ['/opt/anaconda3/bin/python3.11', '-m', 'pythonforandroid.toolchain', 'create', '--dist_name=stpicker', '--bootstrap=sdl2', '--requirements=python3,kivy==2.2.0,pyjnius,requests,urllib3,certifi,charset-normalizer,idna,cython', '--arch=arm64-v8a', '--arch=armeabi-v7a', '--copy-libs', '--color=always', '--storage-dir=/Users/mlfe/st_picker_build/.buildozer/android/platform/build-arm64-v8a_armeabi-v7a', '--ndk-api=21', '--ignore-setup-py', '--debug', '--enable-androidx']
# Cwd /Users/mlfe/st_picker_build/.buildozer/android/platform/python-for-android
[WARNING]: prerequisites.py is experimental and does not support all prerequisites yet.
[WARNING]: Please report any issues to the python-for-android issue tracker.
[INFO]:    Prerequisite homebrew is met
[INFO]:    Prerequisite autoconf is met
[INFO]:    Prerequisite automake is met
[INFO]:    Prerequisite libtool is met
[INFO]:    Prerequisite pkg-config is met
[INFO]:    Prerequisite cmake is met
[INFO]:    Prerequisite openssl is met
[INFO]:    Found JAVA_HOME environment variable, using it
[INFO]:    Found a valid JDK at /opt/homebrew/opt/openjdk@17/libexec/openjdk.jdk/Contents/Home
[INFO]:    Prerequisite JDK is met
[WARNING]: prerequisites.py is experimental and does not support all prerequisites yet.
[WARNING]: Please report any issues to the python-for-android issue tracker.
[INFO]:    Prerequisite homebrew is met
[INFO]:    Prerequisite autoconf is met
[INFO]:    Prerequisite automake is met
[INFO]:    Prerequisite libtool is met
[INFO]:    Prerequisite pkg-config is met
[INFO]:    Prerequisite cmake is met
[INFO]:    Prerequisite openssl is met
[INFO]:    Found JAVA_HOME environment variable, using it
[INFO]:    Found a valid JDK at /opt/homebrew/opt/openjdk@17/libexec/openjdk.jdk/Contents/Home
[INFO]:    Prerequisite JDK is met
[1m[INFO][0m:    Recipe kivy: version "2.2.0" requested
[1m[INFO][0m:    Will compile for the following archs: armeabi-v7a, arm64-v8a
[1m[INFO][0m:    Found Android API target in $ANDROIDAPI: 33
[1m[INFO][0m:    Available Android APIs are (33)
[1m[INFO][0m:    Requested API target 33 is available, continuing.
[1m[INFO][0m:    Found NDK dir in $ANDROIDNDK: /Users/mlfe/.buildozer/android/platform/android-ndk-r25b
[1m[INFO][0m:    Found NDK version 25b
[1m[INFO][0m:    Getting NDK API version (i.e. minimum supported API) from user argument
[1m[INFO][0m:    ccache is missing, the build will not be optimized in the future.
[1m[90m[DEBUG][39m[0m:   All possible dists: [<Distribution: name stpicker with recipes (hostpython3, libffi, openssl, sdl2_image, sdl2_mixer, sdl2_ttf, sqlite3, python3, sdl2, setuptools, cython, six, pyjnius, android, kivy, requests, charset-normalizer, idna, chardet, certifi, urllib3)>]
[1m[90m[DEBUG][39m[0m:   Dist matching name and arch: [<Distribution: name stpicker with recipes (hostpython3, libffi, openssl, sdl2_image, sdl2_mixer, sdl2_ttf, sqlite3, python3, sdl2, setuptools, cython, six, pyjnius, android, kivy, requests, charset-normalizer, idna, chardet, certifi, urllib3)>]
[1m[90m[DEBUG][39m[0m:   Dist matching ndk_api and recipe: [<Distribution: name stpicker with recipes (hostpython3, libffi, openssl, sdl2_image, sdl2_mixer, sdl2_ttf, sqlite3, python3, sdl2, setuptools, cython, six, pyjnius, android, kivy, requests, charset-normalizer, idna, chardet, certifi, urllib3)>]
[1m[INFO][0m:    Of the existing distributions, the following meet the given requirements:
[1m[INFO][0m:    	[32m[1mstpicker[0m: min API 21, includes recipes ([32mhostpython3, libffi, openssl, sdl2_image, sdl2_mixer, sdl2_ttf, sqlite3, python3, sdl2, setuptools, cython, six, pyjnius, android, kivy, requests, charset-normalizer, idna, chardet, certifi, urllib3[0m), built for archs ([34marmeabi-v7a, arm64-v8a[0m)
[1m[INFO][0m:    [1m[94mstpicker has compatible recipes, using this one[0m
# Build the application #4
# Copy application source from /Users/mlfe/st_picker_build
# Create directory /Users/mlfe/st_picker_build/.buildozer/android/app
# Copy /Users/mlfe/st_picker_build/test_minimal_button.py
# Copy /Users/mlfe/st_picker_build/test_main_v3.py
# Copy /Users/mlfe/st_picker_build/test_scrollview_issue.py
# Copy /Users/mlfe/st_picker_build/test_responsive.py
# Copy /Users/mlfe/st_picker_build/test_debug_round6.py
# Copy /Users/mlfe/st_picker_build/test_filter.py
# Copy /Users/mlfe/st_picker_build/test_touch.py
# Copy /Users/mlfe/st_picker_build/st_picker_logo.png
# Copy /Users/mlfe/st_picker_build/test_final_verify.py
# Copy /Users/mlfe/st_picker_build/test_diagnostic.py
# Copy /Users/mlfe/st_picker_build/test_debug_logging.py
# Copy /Users/mlfe/st_picker_build/test_real_scenario.py
# Copy /Users/mlfe/st_picker_build/test_ui_v2.py
# Copy /Users/mlfe/st_picker_build/test_click.py
# Copy /Users/mlfe/st_picker_build/build_apk.py
# Copy /Users/mlfe/st_picker_build/test_no_scrollview.py
# Copy /Users/mlfe/st_picker_build/test_debug_simple.py
# Copy /Users/mlfe/st_picker_build/test_android_compat.py
# Copy /Users/mlfe/st_picker_build/test_touch2.py
# Copy /Users/mlfe/st_picker_build/test_filter_debug.py
# Copy /Users/mlfe/st_picker_build/touch_inspector.py
# Copy /Users/mlfe/st_picker_build/main.py
# Copy /Users/mlfe/st_picker_build/test_desktop.py
# Copy /Users/mlfe/st_picker_build/test_touch_debug.py
# Copy /Users/mlfe/st_picker_build/test_kivy.py
# Copy /Users/mlfe/st_picker_build/test_main_click.py
# Create directory /Users/mlfe/st_picker_build/.buildozer/android/app/ui
# Copy /Users/mlfe/st_picker_build/ui/animations.py
# Copy /Users/mlfe/st_picker_build/ui/theme.py
# Copy /Users/mlfe/st_picker_build/ui/__init__.py
# Copy /Users/mlfe/st_picker_build/ui/app.py
# Copy /Users/mlfe/st_picker_build/ui/responsive.py
# Create directory /Users/mlfe/st_picker_build/.buildozer/android/app/ui/screens
# Copy /Users/mlfe/st_picker_build/ui/screens/main_screen.py
# Copy /Users/mlfe/st_picker_build/ui/screens/__init__.py
# Copy /Users/mlfe/st_picker_build/ui/screens/detail_screen.py
# Create directory /Users/mlfe/st_picker_build/.buildozer/android/app/ui/widgets
# Copy /Users/mlfe/st_picker_build/ui/widgets/stage_badge.py
# Copy /Users/mlfe/st_picker_build/ui/widgets/filter_panel.py
# Copy /Users/mlfe/st_picker_build/ui/widgets/__init__.py
# Copy /Users/mlfe/st_picker_build/ui/widgets/score_bar.py
# Copy /Users/mlfe/st_picker_build/ui/widgets/stock_card.py
# Create directory /Users/mlfe/st_picker_build/.buildozer/android/app/core
# Copy /Users/mlfe/st_picker_build/core/models.py
# Copy /Users/mlfe/st_picker_build/core/database.py
# Copy /Users/mlfe/st_picker_build/core/constants.py
# Copy /Users/mlfe/st_picker_build/core/analyzer.py
# Copy /Users/mlfe/st_picker_build/core/cache.py
# Copy /Users/mlfe/st_picker_build/core/__init__.py
# Copy /Users/mlfe/st_picker_build/core/datasource.py
# Copy /Users/mlfe/st_picker_build/core/data_manager.py
# Create directory /Users/mlfe/st_picker_build/.buildozer/android/app/utils
# Copy /Users/mlfe/st_picker_build/utils/async_utils.py
# Copy /Users/mlfe/st_picker_build/utils/validators.py
# Copy /Users/mlfe/st_picker_build/utils/__init__.py
# Copy /Users/mlfe/st_picker_build/utils/logger.py
# Copy /Users/mlfe/st_picker_build/utils/safe_eval.py
# Create directory /Users/mlfe/st_picker_build/.buildozer/android/app/scripts
# Copy /Users/mlfe/st_picker_build/scripts/enrich_stock_data.py
# Create directory /Users/mlfe/st_picker_build/.buildozer/android/app/data
# Copy /Users/mlfe/st_picker_build/data/st_picker.db
# Copy /Users/mlfe/st_picker_build/data/restructuring_watchlist.json
# Package the application
# project.properties updated
# Run ['/opt/anaconda3/bin/python3.11', '-m', 'pythonforandroid.toolchain', 'apk', '--bootstrap', 'sdl2', '--dist_name', 'stpicker', '--name', 'ST重整选股工具', '--version', '3.0.0', '--package', 'com.stockpicker.stpicker', '--minsdk', '21', '--ndk-api', '21', '--private', '/Users/mlfe/st_picker_build/.buildozer/android/app', '--permission', 'INTERNET', '--permission', 'ACCESS_NETWORK_STATE', '--android-entrypoint', 'org.kivy.android.PythonActivity', '--android-apptheme', '@android:style/Theme.NoTitleBar', '--orientation', 'portrait', '--window', '--enable-androidx', '--copy-libs', '--arch', 'arm64-v8a', '--arch', 'armeabi-v7a', '--color=always', '--storage-dir=/Users/mlfe/st_picker_build/.buildozer/android/platform/build-arm64-v8a_armeabi-v7a', '--ndk-api=21', '--ignore-setup-py', '--debug', '--enable-androidx']
# Cwd /Users/mlfe/st_picker_build/.buildozer/android/platform/python-for-android
[WARNING]: prerequisites.py is experimental and does not support all prerequisites yet.
[WARNING]: Please report any issues to the python-for-android issue tracker.
[INFO]:    Prerequisite homebrew is met
[INFO]:    Prerequisite autoconf is met
[INFO]:    Prerequisite automake is met
[INFO]:    Prerequisite libtool is met
[INFO]:    Prerequisite pkg-config is met
[INFO]:    Prerequisite cmake is met
[INFO]:    Prerequisite openssl is met
[INFO]:    Found JAVA_HOME environment variable, using it
[INFO]:    Found a valid JDK at /opt/homebrew/opt/openjdk@17/libexec/openjdk.jdk/Contents/Home
[INFO]:    Prerequisite JDK is met
[WARNING]: prerequisites.py is experimental and does not support all prerequisites yet.
[WARNING]: Please report any issues to the python-for-android issue tracker.
[INFO]:    Prerequisite homebrew is met
[INFO]:    Prerequisite autoconf is met
[INFO]:    Prerequisite automake is met
[INFO]:    Prerequisite libtool is met
[INFO]:    Prerequisite pkg-config is met
[INFO]:    Prerequisite cmake is met
[INFO]:    Prerequisite openssl is met
[INFO]:    Found JAVA_HOME environment variable, using it
[INFO]:    Found a valid JDK at /opt/homebrew/opt/openjdk@17/libexec/openjdk.jdk/Contents/Home
[INFO]:    Prerequisite JDK is met
[1m[INFO][0m:    Will compile for the following archs: arm64-v8a, armeabi-v7a
[1m[INFO][0m:    Found Android API target in $ANDROIDAPI: 33
[1m[INFO][0m:    Available Android APIs are (33)
[1m[INFO][0m:    Requested API target 33 is available, continuing.
[1m[INFO][0m:    Found NDK dir in $ANDROIDNDK: /Users/mlfe/.buildozer/android/platform/android-ndk-r25b
[1m[INFO][0m:    Found NDK version 25b
[1m[INFO][0m:    Getting NDK API version (i.e. minimum supported API) from user argument
[1m[INFO][0m:    ccache is missing, the build will not be optimized in the future.
[1m[90m[DEBUG][39m[0m:   All possible dists: [<Distribution: name stpicker with recipes (hostpython3, libffi, openssl, sdl2_image, sdl2_mixer, sdl2_ttf, sqlite3, python3, sdl2, setuptools, cython, six, pyjnius, android, kivy, requests, charset-normalizer, idna, chardet, certifi, urllib3)>]
[1m[90m[DEBUG][39m[0m:   Dist matching name and arch: [<Distribution: name stpicker with recipes (hostpython3, libffi, openssl, sdl2_image, sdl2_mixer, sdl2_ttf, sqlite3, python3, sdl2, setuptools, cython, six, pyjnius, android, kivy, requests, charset-normalizer, idna, chardet, certifi, urllib3)>]
[1m[90m[DEBUG][39m[0m:   Dist matching ndk_api and recipe: [<Distribution: name stpicker with recipes (hostpython3, libffi, openssl, sdl2_image, sdl2_mixer, sdl2_ttf, sqlite3, python3, sdl2, setuptools, cython, six, pyjnius, android, kivy, requests, charset-normalizer, idna, chardet, certifi, urllib3)>]
[1m[INFO][0m:    Of the existing distributions, the following meet the given requirements:
[1m[INFO][0m:    	[32m[1mstpicker[0m: min API 21, includes recipes ([32mhostpython3, libffi, openssl, sdl2_image, sdl2_mixer, sdl2_ttf, sqlite3, python3, sdl2, setuptools, cython, six, pyjnius, android, kivy, requests, charset-normalizer, idna, chardet, certifi, urllib3[0m), built for archs ([34marmeabi-v7a, arm64-v8a[0m)
[1m[INFO][0m:    [1m[94mstpicker has compatible recipes, using this one[0m
[1m[90m[DEBUG][39m[0m:   All possible dists: [<Distribution: name stpicker with recipes (hostpython3, libffi, openssl, sdl2_image, sdl2_mixer, sdl2_ttf, sqlite3, python3, sdl2, setuptools, cython, six, pyjnius, android, kivy, requests, charset-normalizer, idna, chardet, certifi, urllib3)>]
[1m[90m[DEBUG][39m[0m:   Dist matching name and arch: [<Distribution: name stpicker with recipes (hostpython3, libffi, openssl, sdl2_image, sdl2_mixer, sdl2_ttf, sqlite3, python3, sdl2, setuptools, cython, six, pyjnius, android, kivy, requests, charset-normalizer, idna, chardet, certifi, urllib3)>]
[1m[90m[DEBUG][39m[0m:   Dist matching ndk_api and recipe: [<Distribution: name stpicker with recipes (hostpython3, libffi, openssl, sdl2_image, sdl2_mixer, sdl2_ttf, sqlite3, python3, sdl2, setuptools, cython, six, pyjnius, android, kivy, requests, charset-normalizer, idna, chardet, certifi, urllib3)>]
[1m[INFO][0m:    Of the existing distributions, the following meet the given requirements:
[1m[INFO][0m:    	[32m[1mstpicker[0m: min API 21, includes recipes ([32mhostpython3, libffi, openssl, sdl2_image, sdl2_mixer, sdl2_ttf, sqlite3, python3, sdl2, setuptools, cython, six, pyjnius, android, kivy, requests, charset-normalizer, idna, chardet, certifi, urllib3[0m), built for archs ([34marmeabi-v7a, arm64-v8a[0m)
[1m[INFO][0m:    [1m[94mstpicker has compatible recipes, using this one[0m
[1m[INFO][0m:    [36m-> directory context /Users/mlfe/st_picker_build/.buildozer/android/platform/build-arm64-v8a_armeabi-v7a/build/bootstrap_builds/sdl2[39m
[1m[INFO][0m:    [36m<- directory context /Users/mlfe/st_picker_build/.buildozer/android/platform/python-for-android[39m
[1m[INFO][0m:    [36m-> directory context /Users/mlfe/st_picker_build/.buildozer/android/platform/build-arm64-v8a_armeabi-v7a/dists/stpicker[39m
[1m[90m[DEBUG][39m[0m:   Remove directory and subdirectory src/main/assets
[1m[90m[DEBUG][39m[0m:   Create directory src/main/assets
Compiling '/Users/mlfe/st_picker_build/.buildozer/android/app/test_minimal_button.py'...
Compiling '/Users/mlfe/st_picker_build/.buildozer/android/app/test_main_v3.py'...
Compiling '/Users/mlfe/st_picker_build/.buildozer/android/app/test_scrollview_issue.py'...
Compiling '/Users/mlfe/st_picker_build/.buildozer/android/app/test_responsive.py'...
Compiling '/Users/mlfe/st_picker_build/.buildozer/android/app/test_debug_round6.py'...
Compiling '/Users/mlfe/st_picker_build/.buildozer/android/app/test_filter.py'...
Compiling '/Users/mlfe/st_picker_build/.buildozer/android/app/test_touch.py'...
Compiling '/Users/mlfe/st_picker_build/.buildozer/android/app/test_final_verify.py'...
Compiling '/Users/mlfe/st_picker_build/.buildozer/android/app/test_diagnostic.py'...
Compiling '/Users/mlfe/st_picker_build/.buildozer/android/app/test_debug_logging.py'...
Compiling '/Users/mlfe/st_picker_build/.buildozer/android/app/test_real_scenario.py'...
Compiling '/Users/mlfe/st_picker_build/.buildozer/android/app/sitecustomize.py'...
Compiling '/Users/mlfe/st_picker_build/.buildozer/android/app/test_ui_v2.py'...
Compiling '/Users/mlfe/st_picker_build/.buildozer/android/app/test_click.py'...
Compiling '/Users/mlfe/st_picker_build/.buildozer/android/app/build_apk.py'...
Compiling '/Users/mlfe/st_picker_build/.buildozer/android/app/test_no_scrollview.py'...
Compiling '/Users/mlfe/st_picker_build/.buildozer/android/app/test_debug_simple.py'...
Compiling '/Users/mlfe/st_picker_build/.buildozer/android/app/test_android_compat.py'...
Compiling '/Users/mlfe/st_picker_build/.buildozer/android/app/test_touch2.py'...
Compiling '/Users/mlfe/st_picker_build/.buildozer/android/app/test_filter_debug.py'...
Compiling '/Users/mlfe/st_picker_build/.buildozer/android/app/touch_inspector.py'...
Compiling '/Users/mlfe/st_picker_build/.buildozer/android/app/main.py'...
Compiling '/Users/mlfe/st_picker_build/.buildozer/android/app/test_desktop.py'...
Compiling '/Users/mlfe/st_picker_build/.buildozer/android/app/test_touch_debug.py'...
Compiling '/Users/mlfe/st_picker_build/.buildozer/android/app/test_kivy.py'...
Compiling '/Users/mlfe/st_picker_build/.buildozer/android/app/test_main_click.py'...
Compiling '/Users/mlfe/st_picker_build/.buildozer/android/app/ui/animations.py'...
Compiling '/Users/mlfe/st_picker_build/.buildozer/android/app/ui/theme.py'...
Compiling '/Users/mlfe/st_picker_build/.buildozer/android/app/ui/__init__.py'...
Compiling '/Users/mlfe/st_picker_build/.buildozer/android/app/ui/app.py'...
Compiling '/Users/mlfe/st_picker_build/.buildozer/android/app/ui/responsive.py'...
Compiling '/Users/mlfe/st_picker_build/.buildozer/android/app/ui/screens/main_screen.py'...
Compiling '/Users/mlfe/st_picker_build/.buildozer/android/app/ui/screens/__init__.py'...
Compiling '/Users/mlfe/st_picker_build/.buildozer/android/app/ui/screens/detail_screen.py'...
Compiling '/Users/mlfe/st_picker_build/.buildozer/android/app/ui/widgets/stage_badge.py'...
Compiling '/Users/mlfe/st_picker_build/.buildozer/android/app/ui/widgets/filter_panel.py'...
Compiling '/Users/mlfe/st_picker_build/.buildozer/android/app/ui/widgets/__init__.py'...
Compiling '/Users/mlfe/st_picker_build/.buildozer/android/app/ui/widgets/score_bar.py'...
Compiling '/Users/mlfe/st_picker_build/.buildozer/android/app/ui/widgets/stock_card.py'...
Compiling '/Users/mlfe/st_picker_build/.buildozer/android/app/core/models.py'...
Compiling '/Users/mlfe/st_picker_build/.buildozer/android/app/core/database.py'...
Compiling '/Users/mlfe/st_picker_build/.buildozer/android/app/core/constants.py'...
Compiling '/Users/mlfe/st_picker_build/.buildozer/android/app/core/analyzer.py'...
Compiling '/Users/mlfe/st_picker_build/.buildozer/android/app/core/cache.py'...
Compiling '/Users/mlfe/st_picker_build/.buildozer/android/app/core/__init__.py'...
Compiling '/Users/mlfe/st_picker_build/.buildozer/android/app/core/datasource.py'...
Compiling '/Users/mlfe/st_picker_build/.buildozer/android/app/core/data_manager.py'...
Compiling '/Users/mlfe/st_picker_build/.buildozer/android/app/utils/async_utils.py'...
Compiling '/Users/mlfe/st_picker_build/.buildozer/android/app/utils/validators.py'...
Compiling '/Users/mlfe/st_picker_build/.buildozer/android/app/utils/__init__.py'...
Compiling '/Users/mlfe/st_picker_build/.buildozer/android/app/utils/logger.py'...
Compiling '/Users/mlfe/st_picker_build/.buildozer/android/app/utils/safe_eval.py'...
Compiling '/Users/mlfe/st_picker_build/.buildozer/android/app/scripts/enrich_stock_data.py'...
[1m[90m[DEBUG][39m[0m:   Remove directory and subdirectory /var/folders/px/mwk_03l522lgtdc6d5cmfzxm0000gn/T/p4a-extra-env-kjqh4kes
[1m[90m[DEBUG][39m[0m:   Remove directory and subdirectory src/main/res
[1m[INFO][0m:    Detected highest available build tools version to be 37.0.0
stty: stdin isn't a terminal
[1m[90m[DEBUG][39m[0m:   [90m->[0m running gradlew clean assembleDebug[0m
[1m[90m[DEBUG][39m[0m:   	Downloading https://mirrors.aliyun.com/gradle/distributions/v8.0.2/gradle-8.0.2-all.zip
[1m[90m[DEBUG][39m[0m:   	...............................................................................................................................................................................................................................................................................................................................................................................................................................................................................................................................................................................................................................................................................................................................................................................................................................................................................................................................................................................................................................................................................................................................................................................................................................................................................................................................................................................................................................................................................................................................................................................................................................................................................................................................................................................................................................................................................................................................................................................................................................................................................................................................................................................................................................................................................................................................................................................................................................................................................................................................................................................................................................................................................................................................................................................................................................................................................................................................................................................................................................................................................................................................................................................................................................................................................................................................................................................................................................................................................................................................................................................................................................................................................................................................................................................................................................................................................................................................................................................................................................................................................................................................................................................................................................................................................................................................................................................................................................................................................................................................................................................................................................................................................................................................................................................................................................................................................................................................................................................................................................................................................................................................................................................................................................................................................................................................................................................................................................................................................................................................................................................................................................................................................................................................................................................................................................................................................................................................................................................................................................................................................................................................................................................................................................................................................................................................................................................................................................................................................................................................................................................................................................................................................................................................................................................................................................................................................................................................................................................................................................................................................................................................................................................................................................................................................................................................................................................................................................................................................................................................................................................................................................................................................................................................................................................................................................................................................................................................................................................................................................................................................................................................................................................................................................................................................................................................................................................................................................................................................................................................................................................................................................................................................................................................
[1m[90m[DEBUG][39m[0m:   	Unzipping /Users/mlfe/.gradle/wrapper/dists/gradle-8.0.2-all/3pcqbrboi7iosb4fnh2qcsodmu/gradle-8.0.2-all.zip to /Users/mlfe/.gradle/wrapper/dists/gradle-8.0.2-all/3pcqbrboi7iosb4fnh2qcsodmu
[1m[90m[DEBUG][39m[0m:   	Set executable permissions for: /Users/mlfe/.gradle/wrapper/dists/gradle-8.0.2-all/3pcqbrboi7iosb4fnh2qcsodmu/gradle-8.0.2/bin/gradle
[1m[90m[DEBUG][39m[0m:   	
[1m[90m[DEBUG][39m[0m:   	Welcome to Gradle 8.0.2!
[1m[90m[DEBUG][39m[0m:   	
[1m[90m[DEBUG][39m[0m:   	Here are the highlights of this release:
[1m[90m[DEBUG][39m[0m:   	 - Improvements to the Kotlin DSL
[1m[90m[DEBUG][39m[0m:   	 - Fine-grained parallelism from the first build with configuration cache
[1m[90m[DEBUG][39m[0m:   	 - Configurable Gradle user home cache cleanup
[1m[90m[DEBUG][39m[0m:   	
[1m[90m[DEBUG][39m[0m:   	For more details see https://docs.gradle.org/8.0.2/release-notes.html
[1m[90m[DEBUG][39m[0m:   	
[1m[90m[DEBUG][39m[0m:   	Starting a Gradle Daemon (subsequent builds will be faster)
[1m[90m[DEBUG][39m[0m:   	> Task :clean UP-TO-DATE
[1m[90m[DEBUG][39m[0m:   	> Task :preBuild UP-TO-DATE
[1m[90m[DEBUG][39m[0m:   	> Task :preDebugBuild UP-TO-DATE
[1m[90m[DEBUG][39m[0m:   	> Task :mergeDebugNativeDebugMetadata NO-SOURCE
[1m[90m[DEBUG][39m[0m:   	> Task :generateDebugResValues
[1m[90m[DEBUG][39m[0m:   	> Task :checkDebugAarMetadata
[1m[90m[DEBUG][39m[0m:   	> Task :javaPreCompileDebug
[1m[90m[DEBUG][39m[0m:   	> Task :mapDebugSourceSetPaths
[1m[90m[DEBUG][39m[0m:   	> Task :generateDebugResources
[1m[90m[DEBUG][39m[0m:   	> Task :packageDebugResources
[1m[90m[DEBUG][39m[0m:   	> Task :mergeDebugResources
[1m[90m[DEBUG][39m[0m:   	> Task :createDebugCompatibleScreenManifests
[1m[90m[DEBUG][39m[0m:   	> Task :extractDeepLinksDebug
[1m[90m[DEBUG][39m[0m:   	> Task :parseDebugLocalResources
[1m[90m[DEBUG][39m[0m:   	
[1m[90m[DEBUG][39m[0m:   	> Task :processDebugMainManifest
[1m[90m[DEBUG][39m[0m:   	/Users/mlfe/st_picker_build/.buildozer/android/platform/build-arm64-v8a_armeabi-v7a/dists/stpicker/src/main/AndroidManifest.xml:57:18-50 Warning:
[1m[90m[DEBUG][39m[0m:   		android:extractNativeLibs should not be specified in this source AndroidManifest.xml file. See https://d.android.com/guide/topics/manifest/application-element#extractNativeLibs for more information.
[1m[90m[DEBUG][39m[0m:   	The AGP Upgrade Assistant can remove the attribute from the AndroidManifest.xml file and update the build file accordingly. See https://d.android.com/studio/build/agp-upgrade-assistant for more information.
[1m[90m[DEBUG][39m[0m:   	
[1m[90m[DEBUG][39m[0m:   	> Task :processDebugManifest
[1m[90m[DEBUG][39m[0m:   	> Task :mergeDebugShaders
[1m[90m[DEBUG][39m[0m:   	> Task :compileDebugShaders NO-SOURCE
[1m[90m[DEBUG][39m[0m:   	> Task :generateDebugAssets UP-TO-DATE
[1m[90m[DEBUG][39m[0m:   	> Task :mergeDebugAssets
[1m[90m[DEBUG][39m[0m:   	> Task :processDebugJavaRes NO-SOURCE
[1m[90m[DEBUG][39m[0m:   	> Task :checkDebugDuplicateClasses
[1m[90m[DEBUG][39m[0m:   	> Task :compressDebugAssets
[1m[90m[DEBUG][39m[0m:   	> Task :mergeDebugJavaResource
[1m[90m[DEBUG][39m[0m:   	> Task :desugarDebugFileDependencies
[1m[90m[DEBUG][39m[0m:   	> Task :mergeExtDexDebug
[1m[90m[DEBUG][39m[0m:   	> Task :mergeLibDexDebug
[1m[90m[DEBUG][39m[0m:   	> Task :mergeDebugJniLibFolders
[1m[90m[DEBUG][39m[0m:   	> Task :validateSigningDebug
[1m[90m[DEBUG][39m[0m:   	> Task :writeDebugAppMetadata
[1m[90m[DEBUG][39m[0m:   	> Task :writeDebugSigningConfigVersions
[1m[90m[DEBUG][39m[0m:   	> Task :processDebugManifestForPackage
[1m[90m[DEBUG][39m[0m:   	> Task :mergeDebugNativeLibs
[1m[90m[DEBUG][39m[0m:   	> Task :stripDebugDebugSymbols
[1m[90m[DEBUG][39m[0m:   	> Task :processDebugResources
[1m[90m[DEBUG][39m[0m:   	
[1m[90m[DEBUG][39m[0m:   	> Task :compileDebugJavaWithJavac
[1m[90m[DEBUG][39m[0m:   	注: 某些输入文件使用或覆盖了已过时的 API。
[1m[90m[DEBUG][39m[0m:   	注: 有关详细信息, 请使用 -Xlint:deprecation 重新编译。
[1m[90m[DEBUG][39m[0m:   	
[1m[90m[DEBUG][39m[0m:   	> Task :dexBuilderDebug
[1m[90m[DEBUG][39m[0m:   	> Task :mergeProjectDexDebug
[1m[90m[DEBUG][39m[0m:   	> Task :packageDebug
[1m[90m[DEBUG][39m[0m:   	> Task :createDebugApkListingFileRedirect
[1m[90m[DEBUG][39m[0m:   	> Task :assembleDebug
[1m[90m[DEBUG][39m[0m:   	
[1m[90m[DEBUG][39m[0m:   	Deprecated Gradle features were used in this build, making it incompatible with Gradle 9.0.
[1m[90m[DEBUG][39m[0m:   	
[1m[90m[DEBUG][39m[0m:   	You can use '--warning-mode all' to show the individual deprecation warnings and determine if they come from your own scripts or plugins.
[1m[90m[DEBUG][39m[0m:   	
[1m[90m[DEBUG][39m[0m:   	See https://docs.gradle.org/8.0.2/userguide/command_line_interface.html#sec:command_line_warnings
[1m[90m[DEBUG][39m[0m:   	
[1m[90m[DEBUG][39m[0m:   	BUILD SUCCESSFUL in 2m 12s
[1m[90m[DEBUG][39m[0m:   	33 actionable tasks: 32 executed, 1 up-to-date
[1m[INFO][0m:    [36m<- directory context /Users/mlfe/st_picker_build/.buildozer/android/platform/python-for-android[39m
[1m[90m[DEBUG][39m[0m:   All possible dists: [<Distribution: name stpicker with recipes (hostpython3, libffi, openssl, sdl2_image, sdl2_mixer, sdl2_ttf, sqlite3, python3, sdl2, setuptools, cython, six, pyjnius, android, kivy, requests, charset-normalizer, idna, chardet, certifi, urllib3)>]
[1m[90m[DEBUG][39m[0m:   Dist matching name and arch: [<Distribution: name stpicker with recipes (hostpython3, libffi, openssl, sdl2_image, sdl2_mixer, sdl2_ttf, sqlite3, python3, sdl2, setuptools, cython, six, pyjnius, android, kivy, requests, charset-normalizer, idna, chardet, certifi, urllib3)>]
[1m[90m[DEBUG][39m[0m:   Dist matching ndk_api and recipe: [<Distribution: name stpicker with recipes (hostpython3, libffi, openssl, sdl2_image, sdl2_mixer, sdl2_ttf, sqlite3, python3, sdl2, setuptools, cython, six, pyjnius, android, kivy, requests, charset-normalizer, idna, chardet, certifi, urllib3)>]
[1m[INFO][0m:    Of the existing distributions, the following meet the given requirements:
[1m[INFO][0m:    	[32m[1mstpicker[0m: min API 21, includes recipes ([32mhostpython3, libffi, openssl, sdl2_image, sdl2_mixer, sdl2_ttf, sqlite3, python3, sdl2, setuptools, cython, six, pyjnius, android, kivy, requests, charset-normalizer, idna, chardet, certifi, urllib3[0m), built for archs ([34marmeabi-v7a, arm64-v8a[0m)
[1m[INFO][0m:    [1m[94mstpicker has compatible recipes, using this one[0m
[1m[INFO][0m:    [1m[32m# Copying android package to current directory[0m[39m
[1m[INFO][0m:    [1m[32m# Android package filename not found in build output. Guessing...[0m[39m
[1m[INFO][0m:    [1m[32m# Found android package file: /Users/mlfe/st_picker_build/.buildozer/android/platform/build-arm64-v8a_armeabi-v7a/dists/stpicker/build/outputs/apk/debug/stpicker-debug.apk[0m[39m
[1m[INFO][0m:    # Add version number to android package
[1m[INFO][0m:    # Android package renamed to stpicker-debug-3.0.0.apk
stty: stdin isn't a terminal
[1m[90m[DEBUG][39m[0m:   [90m->[0m running cp /Users/mlfe/st_picker_build/.buildozer/android/platform/build-arm64-v8a_armeabi-v7a/dists/stpicker/build/outputs/apk/debug/stpicker-debug.apk stpicker-debug-3.0.0.apk[0m
No setup.py/pyproject.toml used, copying full private data into .apk.
Applying Java source code patches...
Applying patch: src/patches/SDLActivity.java.patch
Warning: failed to apply patch (exit code 1), assuming it is already applied:  src/patches/SDLActivity.java.patch
# Android packaging done!
# APK stpicker-3.0.0-arm64-v8a_armeabi-v7a-debug.apk available in the bin directory
